
SQL*Loader: Release 12.1.0.2.0 - Production on Fri Oct 11 10:02:21 2019

Copyright (c) 1982, 2014, Oracle and/or its affiliates.  All rights reserved.

Control File:   geg1.ctl
Data File:      geg1.dat
  Bad File:     geg1.bad
  Discard File:  none specified
 
 (Allow all discards)

Number to load: ALL
Number to skip: 0
Errors allowed: 50
Bind array:     64 rows, maximum of 256000 bytes
Continuation:    none specified
Path used:      Conventional

Table DOCENT, loaded when 1:1 = 0X44(character 'D')
Insert option in effect for this table: INSERT

   Column Name                  Position   Len  Term Encl Datatype
------------------------------ ---------- ----- ---- ---- ---------------------
DAFK                                    3     *  WHT      CHARACTER            
DNAAM                                NEXT     *  WHT      CHARACTER            
DGESLACHT                            NEXT     *  WHT      CHARACTER            
DGBD                                 NEXT     *  WHT      DATE DD/MM/YYYY      

Table LOKAAL, loaded when 1:1 = 0X4c(character 'L')
Insert option in effect for this table: INSERT

   Column Name                  Position   Len  Term Encl Datatype
------------------------------ ---------- ----- ---- ---- ---------------------
LID                                     3     *  WHT      CHARACTER            
LNAAM                                NEXT     *  WHT      CHARACTER            
LCAPA                                NEXT     *  WHT      CHARACTER            
LBEAMER                              NEXT     *  WHT      CHARACTER            

Table ACTIVITEIT, loaded when 1:1 = 0X41(character 'A')
Insert option in effect for this table: INSERT

   Column Name                  Position   Len  Term Encl Datatype
------------------------------ ---------- ----- ---- ---- ---------------------
AID                                     3     *  WHT      CHARACTER            
ANAAM                                NEXT     *  WHT      CHARACTER            
ASCU                                 NEXT     *  WHT      CHARACTER            

Table BASIS, loaded when 1:1 = 0X42(character 'B')
Insert option in effect for this table: INSERT

   Column Name                  Position   Len  Term Encl Datatype
------------------------------ ---------- ----- ---- ---- ---------------------
BAFK                                    3     *  WHT      CHARACTER            
BNAAM                                NEXT     *  WHT      CHARACTER            
BFASE                                NEXT     *  WHT      CHARACTER            
BASTD                                NEXT     *  WHT      CHARACTER            
BAGRP                                NEXT     *  WHT      CHARACTER            
BPC                                  NEXT     *  WHT      CHARACTER            
BSOORT                               NEXT     *  WHT      CHARACTER            

value used for ROWS parameter changed from 64 to 55

Table DOCENT:
  27 Rows successfully loaded.
  0 Rows not loaded due to data errors.
  103 Rows not loaded because all WHEN clauses were failed.
  0 Rows not loaded because all fields were null.


Table LOKAAL:
  70 Rows successfully loaded.
  0 Rows not loaded due to data errors.
  60 Rows not loaded because all WHEN clauses were failed.
  0 Rows not loaded because all fields were null.


Table ACTIVITEIT:
  26 Rows successfully loaded.
  0 Rows not loaded due to data errors.
  104 Rows not loaded because all WHEN clauses were failed.
  0 Rows not loaded because all fields were null.


Table BASIS:
  7 Rows successfully loaded.
  0 Rows not loaded due to data errors.
  123 Rows not loaded because all WHEN clauses were failed.
  0 Rows not loaded because all fields were null.


Space allocated for bind array:                 255420 bytes(55 rows)
Read   buffer bytes: 1048576

Total logical records skipped:          0
Total logical records read:           130
Total logical records rejected:         0
Total logical records discarded:        0

Run began on Fri Oct 11 10:02:21 2019
Run ended on Fri Oct 11 10:02:21 2019

Elapsed time was:     00:00:00.16
CPU time was:         00:00:00.03
