
SQL*Loader: Release 12.1.0.2.0 - Production on Fri Oct 11 09:48:58 2019

Copyright (c) 1982, 2014, Oracle and/or its affiliates.  All rights reserved.

Control File:   jef.ctl
Data File:      jef.dat
  Bad File:     jef.bad
  Discard File:  none specified
 
 (Allow all discards)

Number to load: ALL
Number to skip: 0
Errors allowed: 50
Bind array:     64 rows, maximum of 256000 bytes
Continuation:    none specified
Path used:      Conventional

Table JEF, loaded when 1:1 = 0X4a(character 'J')
Insert option in effect for this table: INSERT

   Column Name                  Position   Len  Term Encl Datatype
------------------------------ ---------- ----- ---- ---- ---------------------
NR                                      3     *  WHT      CHARACTER            


Table JEF:
  4199 Rows successfully loaded.
  0 Rows not loaded due to data errors.
  0 Rows not loaded because all WHEN clauses were failed.
  0 Rows not loaded because all fields were null.


Space allocated for bind array:                  16512 bytes(64 rows)
Read   buffer bytes: 1048576

Total logical records skipped:          0
Total logical records read:          4199
Total logical records rejected:         0
Total logical records discarded:        0

Run began on Fri Oct 11 09:48:58 2019
Run ended on Fri Oct 11 09:48:58 2019

Elapsed time was:     00:00:00.49
CPU time was:         00:00:00.02
